<?xml version="1.0" encoding="UTF-8"?>
<testsuite failures="4" tests="7" errors="0" name="testRobot" skip="0">
<testcase classname="testRobot" name="ZEP11 Validate that when automation test failed the Zehpyr test should show Fail status." time="0">
<failure message="No keyword with name 'Get Current User' found." type="AssertionError"></failure>
</testcase>
<testcase classname="testRobot" name="ZEP12 Validate that when automation test failed the Zehpyr test should show Fail status." time="0">
<failure message="No keyword with name 'Get Current User' found." type="AssertionError"></failure>
</testcase>
<testcase classname="testRobot" name="ZEP13 Validate that when automation test Passed the Zehpyr test should show Pass status." time="0">
<failure message="No keyword with name 'Get Current User' found." type="AssertionError"></failure>
</testcase>
<testcase classname="testRobot" name="ZEP04 Validate that when automation test Passed the Zehpyr test should show Pass status." time="0">
</testcase>
<testcase classname="testRobot" name="ZEP05 Validate that when automation test Passed the Zehpyr test should show Pass status." time="0">
<failure message="No keyword with name 'Get Current User' found." type="AssertionError"></failure>
</testcase>
<testcase classname="testRobot" name="ZEP06 Validate that when automation test Passed the Zehpyr test should show Pass status." time="0">
</testcase>
<testcase classname="testRobot" name="ZEP07 Validate that when automation test Passed the Zehpyr test should show Pass status." time="0">
</testcase>
</testsuite>
