<?xml version="1.0" encoding="UTF-8"?>
<testsuite failures="3" tests="4" errors="0" name="testRobot" skip="0">
<testcase classname="testRobot" name="Test011 test test11" time="0">
<failure message="No keyword with name 'Get Current User' found." type="AssertionError"></failure>
</testcase>
<testcase classname="testRobot" name="Test012 test test22" time="0">
<failure message="No keyword with name 'Get Current User' found." type="AssertionError"></failure>
</testcase>
<testcase classname="testRobot" name="Test013 test test22" time="0">
</testcase>
<testcase classname="testRobot" name="Simple Test" time="0">
<failure message="No browser is open." type="AssertionError"></failure>
</testcase>
</testsuite>
